<?xml version="1.0" encoding="UTF-8"?>
<!-- Generated by org.testng.reporters.JUnitReportReporter -->
<testsuite skipped="0" hostname="MIS" name="ExtentReportTest.JamesA.AppTest" tests="2" failures="0" timestamp="05 May 2017 11:53:33 GMT" time="28.471" errors="0">
  <testcase name="verifyHomePageTitle" time="28.437" classname="ExtentReportTest.JamesA.AppTest"/>
  <testcase name="verifyLogo" time="0.034" classname="ExtentReportTest.JamesA.AppTest"/>
</testsuite> <!-- ExtentReportTest.JamesA.AppTest -->
