<?xml version="1.0" encoding="UTF-8"?>
<!-- Generated by org.testng.reporters.JUnitReportReporter -->
<testsuite skipped="0" hostname="MIS" name="ExtentReportTest.JamesA.AmazonShopper" tests="2" failures="0" timestamp="05 May 2017 14:28:24 GMT" time="51.785" errors="0">
  <testcase name="verifyHomePageTitle" time="22.089" classname="ExtentReportTest.JamesA.AmazonShopper"/>
  <testcase name="verifyLogo" time="29.696" classname="ExtentReportTest.JamesA.AmazonShopper"/>
</testsuite> <!-- ExtentReportTest.JamesA.AmazonShopper -->
